2025-09-18 16:24:52,302 INFO RPC interface 'supervisor' initialized
2025-09-18 16:24:52,302 CRIT Server 'unix_http_server' running without any HTTP authentication checking
2025-09-18 16:24:52,306 INFO daemonizing the supervisord process
2025-09-18 16:24:52,307 INFO supervisord started with pid 2022
2025-09-18 16:24:53,312 INFO spawned: 'webserver' with pid 2024
2025-09-18 16:24:53,423 WARN exited: webserver (exit status 1; not expected)
2025-09-18 16:24:54,427 INFO spawned: 'webserver' with pid 2027
2025-09-18 16:24:54,573 WARN exited: webserver (exit status 1; not expected)
2025-09-18 16:24:56,580 INFO spawned: 'webserver' with pid 2030
2025-09-18 16:24:56,706 WARN exited: webserver (exit status 1; not expected)
2025-09-18 16:25:00,546 INFO spawned: 'webserver' with pid 2043
2025-09-18 16:25:00,654 WARN exited: webserver (exit status 1; not expected)
2025-09-18 16:25:01,655 INFO gave up: webserver entered FATAL state, too many start retries too quickly
2025-09-18 16:25:12,032 INFO spawned: 'webserver' with pid 2244
2025-09-18 16:25:12,140 WARN exited: webserver (exit status 1; not expected)
2025-09-18 16:25:13,144 INFO spawned: 'webserver' with pid 2246
2025-09-18 16:25:13,254 WARN exited: webserver (exit status 1; not expected)
2025-09-18 16:25:15,260 INFO spawned: 'webserver' with pid 2249
2025-09-18 16:25:15,389 WARN exited: webserver (exit status 1; not expected)
2025-09-18 16:25:21,105 INFO RPC interface 'supervisor' initialized
2025-09-18 16:25:21,105 CRIT Server 'unix_http_server' running without any HTTP authentication checking
2025-09-18 16:25:21,108 INFO daemonizing the supervisord process
2025-09-18 16:25:21,108 INFO supervisord started with pid 2261
2025-09-18 16:25:22,112 INFO spawned: 'webserver' with pid 2263
2025-09-18 16:25:23,115 INFO success: webserver entered RUNNING state, process has stayed up for > than 1 seconds (startsecs)
2025-09-20 09:11:50,177 INFO RPC interface 'supervisor' initialized
2025-09-20 09:11:50,177 CRIT Server 'unix_http_server' running without any HTTP authentication checking
2025-09-20 09:11:50,180 INFO daemonizing the supervisord process
2025-09-20 09:11:50,181 INFO supervisord started with pid 158727
2025-09-20 09:11:51,186 INFO spawned: 'webserver' with pid 158729
2025-09-20 09:11:51,305 WARN exited: webserver (exit status 1; not expected)
2025-09-20 09:11:52,309 INFO spawned: 'webserver' with pid 158755
2025-09-20 09:11:52,984 WARN exited: webserver (exit status 1; not expected)
2025-09-20 09:11:54,996 INFO spawned: 'webserver' with pid 158785
2025-09-20 09:11:55,119 WARN exited: webserver (exit status 1; not expected)
2025-09-20 09:11:58,124 INFO spawned: 'webserver' with pid 158816
2025-09-20 09:11:59,233 INFO success: webserver entered RUNNING state, process has stayed up for > than 1 seconds (startsecs)
2025-09-20 09:11:59,234 WARN exited: webserver (exit status 1; not expected)
2025-09-20 09:12:00,237 INFO spawned: 'webserver' with pid 158843
2025-09-20 09:12:00,335 WARN exited: webserver (exit status 1; not expected)
2025-09-20 09:12:01,339 INFO spawned: 'webserver' with pid 158845
2025-09-20 09:12:01,435 WARN exited: webserver (exit status 1; not expected)
2025-09-20 09:12:02,764 INFO spawned: 'webserver' with pid 158851
2025-09-20 09:12:03,766 INFO success: webserver entered RUNNING state, process has stayed up for > than 1 seconds (startsecs)
2025-09-20 10:41:09,348 INFO waiting for webserver to stop
2025-09-20 10:41:09,350 WARN stopped: webserver (terminated by SIGTERM)
2025-09-20 10:41:09,355 INFO spawned: 'webserver' with pid 166103
2025-09-20 10:41:10,357 INFO success: webserver entered RUNNING state, process has stayed up for > than 1 seconds (startsecs)
2025-09-20 10:41:57,408 INFO waiting for webserver to stop
2025-09-20 10:41:57,410 WARN stopped: webserver (terminated by SIGTERM)
2025-09-22 10:53:02,360 INFO RPC interface 'supervisor' initialized
2025-09-22 10:53:02,360 CRIT Server 'unix_http_server' running without any HTTP authentication checking
2025-09-22 10:53:02,363 INFO daemonizing the supervisord process
2025-09-22 10:53:02,363 INFO supervisord started with pid 5814
2025-09-22 10:53:03,367 INFO spawned: 'webserver' with pid 5819
2025-09-22 10:53:04,530 INFO success: webserver entered RUNNING state, process has stayed up for > than 1 seconds (startsecs)
2025-09-22 10:57:38,553 INFO waiting for webserver to stop
2025-09-22 10:57:38,554 WARN stopped: webserver (terminated by SIGTERM)
2025-09-22 10:57:38,558 INFO spawned: 'webserver' with pid 6628
2025-09-22 10:57:38,648 WARN exited: webserver (exit status 1; not expected)
2025-09-22 10:57:39,652 INFO spawned: 'webserver' with pid 6630
2025-09-22 10:57:39,744 WARN exited: webserver (exit status 1; not expected)
2025-09-22 10:57:41,751 INFO spawned: 'webserver' with pid 6633
2025-09-22 10:57:41,849 WARN exited: webserver (exit status 1; not expected)
2025-09-22 10:57:44,856 INFO spawned: 'webserver' with pid 6637
2025-09-22 10:57:44,984 WARN exited: webserver (exit status 1; not expected)
2025-09-22 10:57:45,986 INFO gave up: webserver entered FATAL state, too many start retries too quickly
2025-09-22 10:57:51,132 INFO spawned: 'webserver' with pid 6650
2025-09-22 10:57:51,226 WARN exited: webserver (exit status 1; not expected)
2025-09-22 10:57:52,229 INFO spawned: 'webserver' with pid 6652
2025-09-22 10:57:52,369 WARN exited: webserver (exit status 1; not expected)
2025-09-22 10:57:54,376 INFO spawned: 'webserver' with pid 6656
2025-09-22 10:57:54,993 WARN exited: webserver (exit status 1; not expected)
2025-09-22 10:57:58,004 INFO spawned: 'webserver' with pid 6662
2025-09-22 10:57:59,006 INFO success: webserver entered RUNNING state, process has stayed up for > than 1 seconds (startsecs)
